http://localhost:4000/assets/img/example/fit_a_dipole_to_the_tactile_erf_after_mechanical_stimulation/fig1.jpg
http://localhost:4000/assets/img/example/fit_a_dipole_to_the_tactile_erf_after_mechanical_stimulation/fig2.jpg
http://localhost:4000/assets/img/example/fit_a_dipole_to_the_tactile_erf_after_mechanical_stimulation/time.jpg
http://localhost:4000/assets/img/example/fit_a_dipole_to_the_tactile_erf_after_mechanical_stimulation/topos.jpg
http://localhost:4000/assets/img/example/headmovement_meg/headmovementexample.png
http://localhost:4000/assets/img/example/headmovement_meg/regr_ftwiki.png
http://localhost:4000/assets/img/example/use_denoising_source_separation_dss_to_remove_ecg_artifacts/databrowser_comp.png
http://localhost:4000/assets/img/example/use_denoising_source_separation_dss_to_remove_ecg_artifacts/plot_artifact_zvalue.png
http://localhost:4000/assets/pdf//workshop/toolkit2015/eric_statistics.pdf
http://localhost:4000/assets/pdf//workshop/toolkit2015/jan-mathijs_connectivity.pdf
http://localhost:4000/assets/pdf//workshop/toolkit2015/nietzsche_oscillations.pdf
http://localhost:4000/assets/pdf//workshop/toolkit2015/robert_forward_and_inverse.pdf
http://localhost:4000/assets/pdf//workshop/toolkit2015/tzvetan_beamforming.pdf
http://localhost:4000/assets/pdf/example/gamma_analisys.pdf
http://localhost:4000/assets/pdf/example/rt_hilbert/rotonda_thesis_msc.pdf
http://localhost:4000/assets/pdf/workshop/chengdu2017/forward.pdf
http://localhost:4000/assets/pdf/workshop/chengdu2017/introduction.pdf
http://localhost:4000/assets/pdf/workshop/goettingen2019/1_introduction.pdf
http://localhost:4000/assets/pdf/workshop/goettingen2019/2_frequency_analysis.pdf
http://localhost:4000/assets/pdf/workshop/goettingen2019/3_source_reconstruction.pdf
http://localhost:4000/assets/pdf/workshop/goettingen2019/4_connectivity_analysis.pdf
http://localhost:4000/assets/pdf/workshop/goettingen2019/5_cluster_statistics.pdf
http://localhost:4000/assets/pdf/workshop/marseille2016b_connectivity.pdf
http://localhost:4000/assets/pdf/workshop/marseille2016b_connectivity2.pdf
http://localhost:4000/assets/pdf/workshop/marseille_beamforming.pdf
http://localhost:4000/assets/pdf/workshop/marseille_connectivity.pdf
http://localhost:4000/assets/pdf/workshop/marseille_frequency.pdf
http://localhost:4000/assets/pdf/workshop/marseille_statistics.pdf
http://localhost:4000/assets/pdf/workshop/meg-uk-2015/lecture1.pdf
http://localhost:4000/assets/pdf/workshop/meg-uk-2015/lecture2.pdf
http://localhost:4000/assets/pdf/workshop/meg-uk-2015/lecture3.pdf
http://localhost:4000/assets/pdf/workshop/meg-uk-2015/lecture4.pdf
http://localhost:4000/assets/pdf/workshop/meg-uk-2015/lecture5.pdf
http://localhost:4000/assets/pdf/workshop/meg-uk-2015/lecture6.pdf
http://localhost:4000/assets/pdf/workshop/oslo2019/1-intro.pdf
http://localhost:4000/assets/pdf/workshop/oslo2019/2-frequency.pdf
http://localhost:4000/assets/pdf/workshop/oslo2019/3-statistics.pdf
http://localhost:4000/assets/pdf/workshop/oslo2019/4-beamformer.pdf
http://localhost:4000/assets/pdf/workshop/oslo2019/5-forward.pdf
http://localhost:4000/assets/pdf/workshop/salzburg_cluster_statistics.pdf
http://localhost:4000/assets/pdf/workshop/salzburg_frequency_analysis.pdf
http://localhost:4000/assets/pdf/workshop/salzburg_introduction.pdf
http://localhost:4000/assets/pdf/workshop/salzburg_source_reconstruction.pdf
http://localhost:4000/assets/pdf/workshop/toolkit2014/program.pdf
http://localhost:4000/assets/pdf/workshop/toolkit2015/robert_introduction.pdf
http://localhost:4000/assets/pdf/workshop/toolkit2016/beamforming.pdf
http://localhost:4000/assets/pdf/workshop/toolkit2016/connectivity.pdf
http://localhost:4000/assets/pdf/workshop/toolkit2016/forwinv.pdf
http://localhost:4000/assets/pdf/workshop/toolkit2016/frequencyanalysis.pdf
http://localhost:4000/assets/pdf/workshop/toolkit2016/introduction.pdf
http://localhost:4000/assets/pdf/workshop/toolkit2016/statistics.pdf
http://localhost:4000/assets/pdf/workshop/toolkit2017/connectivity_analysis.pdf
http://localhost:4000/assets/pdf/workshop/toolkit2017/forward_and_inverse.pdf
http://localhost:4000/assets/pdf/workshop/toolkit2017/frequency_analysis.pdf
http://localhost:4000/assets/pdf/workshop/toolkit2017/introduction.pdf
http://localhost:4000/assets/pdf/workshop/toolkit2017/source_reconstruction.pdf
http://localhost:4000/assets/pdf/workshop/toolkit2017/statistical_testing.pdf
http://localhost:4000/assets/pdf/workshop/toolkit2018/beamforming.pdf
http://localhost:4000/assets/pdf/workshop/toolkit2018/connectivity.pdf
http://localhost:4000/assets/pdf/workshop/toolkit2018/forward_inverse.pdf
http://localhost:4000/assets/pdf/workshop/toolkit2018/frequency.pdf
http://localhost:4000/assets/pdf/workshop/toolkit2018/introduction.pdf
http://localhost:4000/assets/pdf/workshop/toolkit2018/open_science.pdf
http://localhost:4000/assets/pdf/workshop/toolkit2018/sleep.pdf
http://localhost:4000/assets/pdf/workshop/toolkit2018/statistics.pdf
http://localhost:4000/assets/pdf/workshop/toolkit2019/beamformer.pdf
http://localhost:4000/assets/pdf/workshop/toolkit2019/connectivity.pdf
http://localhost:4000/assets/pdf/workshop/toolkit2019/forward_inverse.pdf
http://localhost:4000/assets/pdf/workshop/toolkit2019/frequency.pdf
http://localhost:4000/assets/pdf/workshop/toolkit2019/introduction.pdf
http://localhost:4000/assets/pdf/workshop/toolkit2019/openscience.pdf
http://localhost:4000/assets/pdf/workshop/toolkit2019/sleep.pdf
http://localhost:4000/assets/pdf/workshop/toolkit2019/statistics.pdf
http://localhost:4000/assets/site.webmanifest
http://localhost:4000/development/github
http://localhost:4000/download.php
http://localhost:4000/example/apply_clusterrandanalysis_on_tfrs_of_power_that_were_computed_with_besa
http://localhost:4000/example/read_neuromag_mri_and_sourcemodel_aligned2mni
:w

http://localhost:4000/reference/artifact_zvalue
http://localhost:4000/reference/besa2fieldtrip
http://localhost:4000/reference/bis2fieldtrip
http://localhost:4000/reference/channelrepair
http://localhost:4000/reference/contrib/isc/ft_icabrowser.m
http://localhost:4000/reference/data2bids
http://localhost:4000/reference/databrowser
http://localhost:4000/reference/definetrial
http://localhost:4000/reference/denoise_pca
http://localhost:4000/reference/denoise_synthetic
http://localhost:4000/reference/denoise_tsr
http://localhost:4000/reference/edf2fieldtrip
http://localhost:4000/reference/eeglab2fieldtrip
http://localhost:4000/reference/engine/enginecellfun
http://localhost:4000/reference/engine/engineexec
http://localhost:4000/reference/engine/enginefeval
http://localhost:4000/reference/engine/engineget
http://localhost:4000/reference/engine/enginepool
http://localhost:4000/reference/enginecellfun
http://localhost:4000/reference/external/artinis/ft_nirs_transform_ODs
http://localhost:4000/reference/external/eeglab/eeglab2fieldtrip
http://localhost:4000/reference/fieldtrip2bis
http://localhost:4000/reference/fieldtrip2fiff
http://localhost:4000/reference/fileio/ft_chantype
http://localhost:4000/reference/fileio/ft_filetype
http://localhost:4000/reference/fileio/ft_filter_event
http://localhost:4000/reference/fileio/ft_flush_data
http://localhost:4000/reference/fileio/ft_flush_event
http://localhost:4000/reference/fileio/ft_flush_header
http://localhost:4000/reference/fileio/ft_read_atlas
http://localhost:4000/reference/fileio/ft_read_data
http://localhost:4000/reference/fileio/ft_read_event
http://localhost:4000/reference/fileio/ft_read_header
http://localhost:4000/reference/fileio/ft_read_headmodel
http://localhost:4000/reference/fileio/ft_read_headshape
http://localhost:4000/reference/fileio/ft_read_mri
http://localhost:4000/reference/fileio/ft_read_sens
http://localhost:4000/reference/fileio/ft_read_spike
http://localhost:4000/reference/fileio/ft_write_data
http://localhost:4000/reference/fileio/ft_write_event
http://localhost:4000/reference/fileio/ft_write_headshape
http://localhost:4000/reference/fileio/read_data
http://localhost:4000/reference/fileio/read_header
http://localhost:4000/reference/fileio/read_headshape
http://localhost:4000/reference/fileio/read_spike
http://localhost:4000/reference/forward/apply_montage
http://localhost:4000/reference/forward/compute_leadfield
http://localhost:4000/reference/forward/convert_units
http://localhost:4000/reference/forward/estimate_units
http://localhost:4000/reference/forward/ft_apply_montage
http://localhost:4000/reference/forward/headmodel_asa
http://localhost:4000/reference/forward/headmodel_bemcp
http://localhost:4000/reference/forward/headmodel_concentricspheres
http://localhost:4000/reference/forward/headmodel_dipoli
http://localhost:4000/reference/forward/headmodel_halfspace
http://localhost:4000/reference/forward/headmodel_infinite
http://localhost:4000/reference/forward/headmodel_localspheres
http://localhost:4000/reference/forward/headmodel_openmeeg
http://localhost:4000/reference/forward/headmodel_singleshell
http://localhost:4000/reference/forward/headmodel_singlesphere
http://localhost:4000/reference/forward/prepare_vol_sens
http://localhost:4000/reference/forward/senstype
http://localhost:4000/reference/forward/voltype
http://localhost:4000/reference/freqanalysis
http://localhost:4000/reference/freqgrandaverage
http://localhost:4000/reference/freqstatistics
http://localhost:4000/reference/ft/varanalysis
http://localhost:4000/reference/ft_analysispipeline
http://localhost:4000/reference/ft_annotate
http://localhost:4000/reference/ft_anonymizedata
http://localhost:4000/reference/ft_appenddata
http://localhost:4000/reference/ft_appendfreq
http://localhost:4000/reference/ft_appendlayout
http://localhost:4000/reference/ft_appendspike
http://localhost:4000/reference/ft_appendtimelock
http://localhost:4000/reference/ft_apply_montage
http://localhost:4000/reference/ft_artifact_clip
http://localhost:4000/reference/ft_artifact_ecg
http://localhost:4000/reference/ft_artifact_eog
http://localhost:4000/reference/ft_artifact_jump
http://localhost:4000/reference/ft_artifact_muscle
http://localhost:4000/reference/ft_artifact_nan
http://localhost:4000/reference/ft_artifact_threshold
http://localhost:4000/reference/ft_artifact_tms
http://localhost:4000/reference/ft_artifact_zvalue
http://localhost:4000/reference/ft_audiovideobrowser
http://localhost:4000/reference/ft_badchannel
http://localhost:4000/reference/ft_badsegment
http://localhost:4000/reference/ft_c/bineplanar
http://localhost:4000/reference/ft_c/ponentanalysis
http://localhost:4000/reference/ft_channelnormalise
http://localhost:4000/reference/ft_channelrepair
http://localhost:4000/reference/ft_channelselection
http://localhost:4000/reference/ft_chantype
http://localhost:4000/reference/ft_checkconfig
http://localhost:4000/reference/ft_checkdata
http://localhost:4000/reference/ft_clusterplot
http://localhost:4000/reference/ft_combineplanar
http://localhost:4000/reference/ft_compile_mex
http://localhost:4000/reference/ft_componentanalysis
http://localhost:4000/reference/ft_compute_leadfield
http://localhost:4000/reference/ft_connectivityanalysis
http://localhost:4000/reference/ft_connectivityplot
http://localhost:4000/reference/ft_connectivitysimulation
http://localhost:4000/reference/ft_convert_units
http://localhost:4000/reference/ft_crossfrequencyanalysis
http://localhost:4000/reference/ft_databrowser
http://localhost:4000/reference/ft_datatype
http://localhost:4000/reference/ft_defacemesh
http://localhost:4000/reference/ft_defacevolume
http://localhost:4000/reference/ft_defaults
http://localhost:4000/reference/ft_definetrial
http://localhost:4000/reference/ft_definetrials
http://localhost:4000/reference/ft_denoise_dssp
http://localhost:4000/reference/ft_denoise_pca
http://localhost:4000/reference/ft_denoise_prewhiten
http://localhost:4000/reference/ft_denoise_synthetic
http://localhost:4000/reference/ft_denoise_tsr
http://localhost:4000/reference/ft_detect_movement
http://localhost:4000/reference/ft_determine_coordsys
http://localhost:4000/reference/ft_determine_units
http://localhost:4000/reference/ft_dipolefitting
http://localhost:4000/reference/ft_dipolesimulation
http://localhost:4000/reference/ft_electrodeplacement
http://localhost:4000/reference/ft_electroderealign
http://localhost:4000/reference/ft_electrodermalactivity
http://localhost:4000/reference/ft_eventtiminganalysis
http://localhost:4000/reference/ft_ex/plefunction
http://localhost:4000/reference/ft_examplefunction
http://localhost:4000/reference/ft_fetch_header
http://localhost:4000/reference/ft_freqanalysis
http://localhost:4000/reference/ft_freqanalysis_mvar
http://localhost:4000/reference/ft_freqbaseline
http://localhost:4000/reference/ft_freqdescriptives
http://localhost:4000/reference/ft_freqgrandaverage
http://localhost:4000/reference/ft_freqinterpolate
http://localhost:4000/reference/ft_freqs/ulation
http://localhost:4000/reference/ft_freqsimulation
http://localhost:4000/reference/ft_freqstatistics
http://localhost:4000/reference/ft_globa/eanfield
http://localhost:4000/reference/ft_globalmeanfield
http://localhost:4000/reference/ft_hastoolbox
http://localhost:4000/reference/ft_headcoordinates
http://localhost:4000/reference/ft_headmodel_asa
http://localhost:4000/reference/ft_headmodel_bemcp
http://localhost:4000/reference/ft_headmodel_concentricspheres
http://localhost:4000/reference/ft_headmodel_dipoli
http://localhost:4000/reference/ft_headmodel_halfspace
http://localhost:4000/reference/ft_headmodel_infinite
http://localhost:4000/reference/ft_headmodel_localspheres
http://localhost:4000/reference/ft_headmodel_openmeeg
http://localhost:4000/reference/ft_headmodel_singleshell
http://localhost:4000/reference/ft_headmodel_singlesphere
http://localhost:4000/reference/ft_headmodel_slab
http://localhost:4000/reference/ft_headmovement
http://localhost:4000/reference/ft_heartrate
http://localhost:4000/reference/ft_icabrowser
http://localhost:4000/reference/ft_interactiverealign
http://localhost:4000/reference/ft_interpolatenan
http://localhost:4000/reference/ft_laggedcoherence
http://localhost:4000/reference/ft_lateralizedpotential
http://localhost:4000/reference/ft_layoutplot
http://localhost:4000/reference/ft_math
http://localhost:4000/reference/ft_megplanar
http://localhost:4000/reference/ft_megrealign
http://localhost:4000/reference/ft_meshrealign
http://localhost:4000/reference/ft_movieplotER
http://localhost:4000/reference/ft_movieplotTFR
http://localhost:4000/reference/ft_multiplotCC
http://localhost:4000/reference/ft_multiplotER
http://localhost:4000/reference/ft_multiplotTFR
http://localhost:4000/reference/ft_mvaranalysis
http://localhost:4000/reference/ft_neighbourplot
http://localhost:4000/reference/ft_networkanalysis
http://localhost:4000/reference/ft_nirs_prepare_ODtransformation
http://localhost:4000/reference/ft_nirs_referencechannelsubtraction
http://localhost:4000/reference/ft_nirs_scalpcouplingindex
http://localhost:4000/reference/ft_nirs_signalqualityindex
http://localhost:4000/reference/ft_nirs_transform_ODs
http://localhost:4000/reference/ft_nonlinearassociation
http://localhost:4000/reference/ft_omri_pipeline
http://localhost:4000/reference/ft_omri_pipeline_nuisance
http://localhost:4000/reference/ft_omri_quality
http://localhost:4000/reference/ft_plot_headmodel
http://localhost:4000/reference/ft_plot_lay
http://localhost:4000/reference/ft_plot_mesh
http://localhost:4000/reference/ft_plot_sens
http://localhost:4000/reference/ft_prepare_headmodel
http://localhost:4000/reference/ft_prepare_layout
http://localhost:4000/reference/ft_prepare_leadfield
http://localhost:4000/reference/ft_prepare_mesh
http://localhost:4000/reference/ft_prepare_montage
http://localhost:4000/reference/ft_prepare_neighbours
http://localhost:4000/reference/ft_prepare_sourcemodel
http://localhost:4000/reference/ft_prepare_vol_sens
http://localhost:4000/reference/ft_preprocessing
http://localhost:4000/reference/ft_qualitycheck
http://localhost:4000/reference/ft_realtime_asaproxy
http://localhost:4000/reference/ft_realtime_asynchronous
http://localhost:4000/reference/ft_realtime_average
http://localhost:4000/reference/ft_realtime_brainampproxy
http://localhost:4000/reference/ft_realtime_classification
http://localhost:4000/reference/ft_realtime_coillocalizer
http://localhost:4000/reference/ft_realtime_ctfproxy
http://localhost:4000/reference/ft_realtime_dicomproxy
http://localhost:4000/reference/ft_realtime_downsample
http://localhost:4000/reference/ft_realtime_fileproxy
http://localhost:4000/reference/ft_realtime_fmriproxy
http://localhost:4000/reference/ft_realtime_fmriviewer
http://localhost:4000/reference/ft_realtime_headlocalizer
http://localhost:4000/reference/ft_realtime_heartbeatdetect
http://localhost:4000/reference/ft_realtime_jaga16proxy
http://localhost:4000/reference/ft_realtime_micromedproxy
http://localhost:4000/reference/ft_realtime_modeegproxy
http://localhost:4000/reference/ft_realtime_neuralynxproxy
http://localhost:4000/reference/ft_realtime_oddball
http://localhost:4000/reference/ft_realtime_ouunpod
http://localhost:4000/reference/ft_realtime_packettimer
http://localhost:4000/reference/ft_realtime_pooraudioproxy
http://localhost:4000/reference/ft_realtime_powerestimate
http://localhost:4000/reference/ft_realtime_selectiveaverage
http://localhost:4000/reference/ft_realtime_signalproxy
http://localhost:4000/reference/ft_realtime_signalrecorder
http://localhost:4000/reference/ft_realtime_signalviewer
http://localhost:4000/reference/ft_realtime_synchronous
http://localhost:4000/reference/ft_realtime_topography
http://localhost:4000/reference/ft_recodeevent
http://localhost:4000/reference/ft_redefinetrial
http://localhost:4000/reference/ft_regressconfound
http://localhost:4000/reference/ft_rejectartifact
http://localhost:4000/reference/ft_rejectc/ponent
http://localhost:4000/reference/ft_rejectcomponent
http://localhost:4000/reference/ft_rejectvisual
http://localhost:4000/reference/ft_removetemplateartifact
http://localhost:4000/reference/ft_reproducescript
http://localhost:4000/reference/ft_resampledata
http://localhost:4000/reference/ft_respiration
http://localhost:4000/reference/ft_scalpcurrentdensity
http://localhost:4000/reference/ft_selectdata
http://localhost:4000/reference/ft_senstype
http://localhost:4000/reference/ft_singleplotER
http://localhost:4000/reference/ft_singleplotTFR
http://localhost:4000/reference/ft_sliceinterp
http://localhost:4000/reference/ft_source2full
http://localhost:4000/reference/ft_source2sparse
http://localhost:4000/reference/ft_sourceanalysis
http://localhost:4000/reference/ft_sourceaplot_interactive
http://localhost:4000/reference/ft_sourcedescriptives
http://localhost:4000/reference/ft_sourcegrandaverage
http://localhost:4000/reference/ft_sourceinterpolate
http://localhost:4000/reference/ft_sourcemovie
http://localhost:4000/reference/ft_sourceparcellate
http://localhost:4000/reference/ft_sourceplot
http://localhost:4000/reference/ft_sourceplot_interactive
http://localhost:4000/reference/ft_sourcestatistics
http://localhost:4000/reference/ft_sourcewrite
http://localhost:4000/reference/ft_spike_isi
http://localhost:4000/reference/ft_spike_jpsth
http://localhost:4000/reference/ft_spike_maketrials
http://localhost:4000/reference/ft_spike_plot_isi
http://localhost:4000/reference/ft_spike_plot_isireturn
http://localhost:4000/reference/ft_spike_plot_jpsth
http://localhost:4000/reference/ft_spike_plot_psth
http://localhost:4000/reference/ft_spike_plot_raster
http://localhost:4000/reference/ft_spike_psth
http://localhost:4000/reference/ft_spike_rate
http://localhost:4000/reference/ft_spike_rate_orituning
http://localhost:4000/reference/ft_spike_select
http://localhost:4000/reference/ft_spike_waveform
http://localhost:4000/reference/ft_spike_xcorr
http://localhost:4000/reference/ft_spikedensity
http://localhost:4000/reference/ft_spikedetection
http://localhost:4000/reference/ft_spikedownsample
http://localhost:4000/reference/ft_spikefixdmafile
http://localhost:4000/reference/ft_spikesorting
http://localhost:4000/reference/ft_spikesplitting
http://localhost:4000/reference/ft_spiketriggeredaverage
http://localhost:4000/reference/ft_spiketriggeredinterpolation
http://localhost:4000/reference/ft_spiketriggeredspectrum
http://localhost:4000/reference/ft_spiketriggeredspectrum_convol
http://localhost:4000/reference/ft_spiketriggeredspectrum_fft
http://localhost:4000/reference/ft_spiketriggeredspectrum_stat
http://localhost:4000/reference/ft_statistics_analytic
http://localhost:4000/reference/ft_statistics_crossvalidate
http://localhost:4000/reference/ft_statistics_montecarlo
http://localhost:4000/reference/ft_statistics_mvpa
http://localhost:4000/reference/ft_statistics_stats
http://localhost:4000/reference/ft_steadystatesimulation
http://localhost:4000/reference/ft_stratify
http://localhost:4000/reference/ft_struct2single
http://localhost:4000/reference/ft_t/elockanalysis
http://localhost:4000/reference/ft_t/elockgrandaverage
http://localhost:4000/reference/ft_t/elockstatistics
http://localhost:4000/reference/ft_test
http://localhost:4000/reference/ft_timelockanalysis
http://localhost:4000/reference/ft_timelockbaseline
http://localhost:4000/reference/ft_timelockgrandaverage
http://localhost:4000/reference/ft_timelocksimulation
http://localhost:4000/reference/ft_timelockstatistics
http://localhost:4000/reference/ft_topoplotCC
http://localhost:4000/reference/ft_topoplotER
http://localhost:4000/reference/ft_topoplotIC
http://localhost:4000/reference/ft_topoplotTFR
http://localhost:4000/reference/ft_transform_geometry
http://localhost:4000/reference/ft_trialfun_artinis
http://localhost:4000/reference/ft_trialfun_balert
http://localhost:4000/reference/ft_trialfun_general
http://localhost:4000/reference/ft_virtualchannel
http://localhost:4000/reference/ft_vol/ereslice
http://localhost:4000/reference/ft_vol/ewrite
http://localhost:4000/reference/ft_volumebiascorrect
http://localhost:4000/reference/ft_volumedowns/ple
http://localhost:4000/reference/ft_volumedownsample
http://localhost:4000/reference/ft_volumelookup
http://localhost:4000/reference/ft_volumeno/alise
http://localhost:4000/reference/ft_volumenormalise
http://localhost:4000/reference/ft_volumerealign
http://localhost:4000/reference/ft_volumereslice
http://localhost:4000/reference/ft_volumese/ent
http://localhost:4000/reference/ft_volumesegment
http://localhost:4000/reference/ft_volumewrite
http://localhost:4000/reference/ft_warp_apply
http://localhost:4000/reference/getdimord
http://localhost:4000/reference/math
http://localhost:4000/reference/nearest
http://localhost:4000/reference/neighbourplot
http://localhost:4000/reference/peer/peercellfun
http://localhost:4000/reference/peer/peercontroller
http://localhost:4000/reference/peer/peerfeval
http://localhost:4000/reference/peer/peerget
http://localhost:4000/reference/peer/peerinfo
http://localhost:4000/reference/peer/peerlist
http://localhost:4000/reference/peer/peerreset
http://localhost:4000/reference/peer/peerworker
http://localhost:4000/reference/peer/peerzombie
http://localhost:4000/reference/plotting/ft_plot_axes
http://localhost:4000/reference/plotting/ft_plot_box
http://localhost:4000/reference/plotting/ft_plot_cloud
http://localhost:4000/reference/plotting/ft_plot_crosshair
http://localhost:4000/reference/plotting/ft_plot_dipole
http://localhost:4000/reference/plotting/ft_plot_headmodel
http://localhost:4000/reference/plotting/ft_plot_headshape
http://localhost:4000/reference/plotting/ft_plot_layout
http://localhost:4000/reference/plotting/ft_plot_line
http://localhost:4000/reference/plotting/ft_plot_matrix
http://localhost:4000/reference/plotting/ft_plot_mesh
http://localhost:4000/reference/plotting/ft_plot_montage
http://localhost:4000/reference/plotting/ft_plot_ortho
http://localhost:4000/reference/plotting/ft_plot_patch
http://localhost:4000/reference/plotting/ft_plot_sens
http://localhost:4000/reference/plotting/ft_plot_slice
http://localhost:4000/reference/plotting/ft_plot_text
http://localhost:4000/reference/plotting/ft_plot_topo
http://localhost:4000/reference/plotting/ft_plot_topo3d
http://localhost:4000/reference/plotting/ft_plot_vector
http://localhost:4000/reference/prepare_neighbours
http://localhost:4000/reference/preproc/ft_preproc_bandpassfilter
http://localhost:4000/reference/preproc/ft_preproc_bandstopfilter
http://localhost:4000/reference/preproc/ft_preproc_baselinecorrect
http://localhost:4000/reference/preproc/ft_preproc_denoise
http://localhost:4000/reference/preproc/ft_preproc_derivative
http://localhost:4000/reference/preproc/ft_preproc_detrend
http://localhost:4000/reference/preproc/ft_preproc_dftfilter
http://localhost:4000/reference/preproc/ft_preproc_highpassfilter
http://localhost:4000/reference/preproc/ft_preproc_hilbert
http://localhost:4000/reference/preproc/ft_preproc_lowpassfilter
http://localhost:4000/reference/preproc/ft_preproc_medianfilter
http://localhost:4000/reference/preproc/ft_preproc_polyremoval
http://localhost:4000/reference/preproc/ft_preproc_rectify
http://localhost:4000/reference/preproc/ft_preproc_rereference
http://localhost:4000/reference/preproc/ft_preproc_resample
http://localhost:4000/reference/preproc/ft_preproc_slidingrange
http://localhost:4000/reference/preproc/ft_preproc_standardize
http://localhost:4000/reference/preprocessing
http://localhost:4000/reference/private/fixdimord
http://localhost:4000/reference/qsub/qsubcellfun
http://localhost:4000/reference/qsub/qsubfeval
http://localhost:4000/reference/qsub/qsubget
http://localhost:4000/reference/qsub/qsublist
http://localhost:4000/reference/qsubcellfun
http://localhost:4000/reference/qsubcompile
http://localhost:4000/reference/qsubfeval
http://localhost:4000/reference/qsubget
http://localhost:4000/reference/rejectartifact
http://localhost:4000/reference/rejectvisual
http://localhost:4000/reference/s/2fieldtrip.m
http://localhost:4000/reference/sourceinterpolate
http://localhost:4000/reference/sourceplot
http://localhost:4000/reference/specest/ft_specest_hilbert
http://localhost:4000/reference/specest/ft_specest_irasa
http://localhost:4000/reference/specest/ft_specest_mtmconvol
http://localhost:4000/reference/specest/ft_specest_mtmfft
http://localhost:4000/reference/specest/ft_specest_tfr
http://localhost:4000/reference/specest/ft_specest_wavelet
http://localhost:4000/reference/statfun/ft_statfun_actvsblT
http://localhost:4000/reference/statfun/ft_statfun_depsamplesFmultivariate
http://localhost:4000/reference/statfun/ft_statfun_depsamplesFunivariate
http://localhost:4000/reference/statfun/ft_statfun_depsamplesT
http://localhost:4000/reference/statfun/ft_statfun_depsamplesregrT
http://localhost:4000/reference/statfun/ft_statfun_diff
http://localhost:4000/reference/statfun/ft_statfun_diff_itc
http://localhost:4000/reference/statfun/ft_statfun_indepsamplesF
http://localhost:4000/reference/statfun/ft_statfun_indepsamplesT
http://localhost:4000/reference/statfun/ft_statfun_indepsamplesZcoh
http://localhost:4000/reference/statfun/ft_statfun_indepsamplesregrT
http://localhost:4000/reference/statfun/ft_statfun_mean
http://localhost:4000/reference/statfun/ft_statfun_pooledT
http://localhost:4000/reference/statfun/ft_statfun_roc
http://localhost:4000/reference/timelockgrandaverage
http://localhost:4000/reference/topoplotIC
http://localhost:4000/reference/utilities/datatype_raw
http://localhost:4000/reference/utilities/dccnpath
http://localhost:4000/reference/utilities/ft_compile_mex
http://localhost:4000/reference/utilities/ft_datatype_comp
http://localhost:4000/reference/utilities/ft_datatype_dip
http://localhost:4000/reference/utilities/ft_datatype_freq
http://localhost:4000/reference/utilities/ft_datatype_headmodel
http://localhost:4000/reference/utilities/ft_datatype_mvar
http://localhost:4000/reference/utilities/ft_datatype_parcellation
http://localhost:4000/reference/utilities/ft_datatype_raw
http://localhost:4000/reference/utilities/ft_datatype_raw.m
http://localhost:4000/reference/utilities/ft_datatype_segmentation
http://localhost:4000/reference/utilities/ft_datatype_sens
http://localhost:4000/reference/utilities/ft_datatype_source
http://localhost:4000/reference/utilities/ft_datatype_source/
http://localhost:4000/reference/utilities/ft_datatype_spike
http://localhost:4000/reference/utilities/ft_datatype_t/elock
http://localhost:4000/reference/utilities/ft_datatype_timelock
http://localhost:4000/reference/utilities/ft_datatype_vol/e
http://localhost:4000/reference/utilities/ft_datatype_volume
http://localhost:4000/reference/utilities/ft_trackusage
http://localhost:4000/reference/utilities/printstruct
http://localhost:4000/tags/eeg-language
http://localhost:4000/workshop/cuttingeeg2021/tutorial_freq/tutorial/
